<?xml version="1.0" encoding="UTF-8"?>
<testsuite xmlns:xsi="http://www.w3.org/2001/XMLSchema-instance" xsi:noNamespaceSchemaLocation="https://maven.apache.org/surefire/maven-surefire-plugin/xsd/surefire-test-report-3.0.xsd" version="3.0" name="com.algonquincollege.cst8277.models.EmployeePhonesTestSuite" time="1.903" tests="12" errors="0" skipped="0" failures="0">
  <properties>
    <property name="sun.desktop" value="windows"/>
    <property name="awt.toolkit" value="sun.awt.windows.WToolkit"/>
    <property name="file.encoding.pkg" value="sun.io"/>
    <property name="java.specification.version" value="1.8"/>
    <property name="sun.cpu.isalist" value="amd64"/>
    <property name="sun.jnu.encoding" value="Cp1252"/>
    <property name="java.class.path" value="C:\Users\solos\eclipse-workspace\assignment3-starter\target\test-classes;C:\Users\solos\eclipse-workspace\assignment3-starter\target\classes;C:\Users\solos\.m2\repository\org\slf4j\slf4j-api\1.7.25\slf4j-api-1.7.25.jar;C:\Users\solos\.m2\repository\ch\qos\logback\logback-classic\1.2.3\logback-classic-1.2.3.jar;C:\Users\solos\.m2\repository\ch\qos\logback\logback-core\1.2.3\logback-core-1.2.3.jar;C:\Users\solos\.m2\repository\org\eclipse\persistence\eclipselink\2.7.3\eclipselink-2.7.3.jar;C:\Users\solos\.m2\repository\org\eclipse\persistence\commonj.sdo\2.1.1\commonj.sdo-2.1.1.jar;C:\Users\solos\.m2\repository\javax\validation\validation-api\2.0.1.Final\validation-api-2.0.1.Final.jar;C:\Users\solos\.m2\repository\javax\json\javax.json-api\1.1.2\javax.json-api-1.1.2.jar;C:\Users\solos\.m2\repository\javax\persistence\javax.persistence-api\2.2\javax.persistence-api-2.2.jar;C:\Users\solos\.m2\repository\org\eclipse\persistence\org.eclipse.persistence.jpa.modelgen.processor\2.7.3\org.eclipse.persistence.jpa.modelgen.processor-2.7.3.jar;C:\Users\solos\.m2\repository\org\eclipse\persistence\org.eclipse.persistence.core\2.7.3\org.eclipse.persistence.core-2.7.3.jar;C:\Users\solos\.m2\repository\org\eclipse\persistence\org.eclipse.persistence.asm\2.7.3\org.eclipse.persistence.asm-2.7.3.jar;C:\Users\solos\.m2\repository\org\eclipse\persistence\org.eclipse.persistence.jpa\2.7.3\org.eclipse.persistence.jpa-2.7.3.jar;C:\Users\solos\.m2\repository\org\eclipse\persistence\javax.persistence\2.2.1\javax.persistence-2.2.1.jar;C:\Users\solos\.m2\repository\org\eclipse\persistence\org.eclipse.persistence.antlr\2.7.3\org.eclipse.persistence.antlr-2.7.3.jar;C:\Users\solos\.m2\repository\org\eclipse\persistence\org.eclipse.persistence.jpa.jpql\2.7.3\org.eclipse.persistence.jpa.jpql-2.7.3.jar;C:\Users\solos\.m2\repository\org\eclipse\persistence\org.eclipse.persistence.extension\2.7.3\org.eclipse.persistence.extension-2.7.3.jar;C:\Users\solos\.m2\repository\com\h2database\h2\1.4.197\h2-1.4.197.jar;C:\Users\solos\.m2\repository\junit\junit\4.12\junit-4.12.jar;C:\Users\solos\.m2\repository\org\hamcrest\hamcrest-core\1.3\hamcrest-core-1.3.jar;"/>
    <property name="java.vm.vendor" value="Oracle Corporation"/>
    <property name="sun.arch.data.model" value="64"/>
    <property name="user.variant" value=""/>
    <property name="java.vendor.url" value="http://java.oracle.com/"/>
    <property name="user.timezone" value="America/New_York"/>
    <property name="java.vm.specification.version" value="1.8"/>
    <property name="os.name" value="Windows 10"/>
    <property name="user.country" value="CA"/>
    <property name="sun.java.launcher" value="SUN_STANDARD"/>
    <property name="sun.boot.library.path" value="C:\Java\jdk1.8.0_201\jre\bin"/>
    <property name="sun.java.command" value="C:\Users\solos\AppData\Local\Temp\surefire4988758770158277797\surefirebooter415634045167748939.jar C:\Users\solos\AppData\Local\Temp\surefire4988758770158277797 2019-04-05T10-36-52_264-jvmRun1 surefire1860655136029742878tmp surefire_16037901544618270841tmp"/>
    <property name="surefire.test.class.path" value="C:\Users\solos\eclipse-workspace\assignment3-starter\target\test-classes;C:\Users\solos\eclipse-workspace\assignment3-starter\target\classes;C:\Users\solos\.m2\repository\org\slf4j\slf4j-api\1.7.25\slf4j-api-1.7.25.jar;C:\Users\solos\.m2\repository\ch\qos\logback\logback-classic\1.2.3\logback-classic-1.2.3.jar;C:\Users\solos\.m2\repository\ch\qos\logback\logback-core\1.2.3\logback-core-1.2.3.jar;C:\Users\solos\.m2\repository\org\eclipse\persistence\eclipselink\2.7.3\eclipselink-2.7.3.jar;C:\Users\solos\.m2\repository\org\eclipse\persistence\commonj.sdo\2.1.1\commonj.sdo-2.1.1.jar;C:\Users\solos\.m2\repository\javax\validation\validation-api\2.0.1.Final\validation-api-2.0.1.Final.jar;C:\Users\solos\.m2\repository\javax\json\javax.json-api\1.1.2\javax.json-api-1.1.2.jar;C:\Users\solos\.m2\repository\javax\persistence\javax.persistence-api\2.2\javax.persistence-api-2.2.jar;C:\Users\solos\.m2\repository\org\eclipse\persistence\org.eclipse.persistence.jpa.modelgen.processor\2.7.3\org.eclipse.persistence.jpa.modelgen.processor-2.7.3.jar;C:\Users\solos\.m2\repository\org\eclipse\persistence\org.eclipse.persistence.core\2.7.3\org.eclipse.persistence.core-2.7.3.jar;C:\Users\solos\.m2\repository\org\eclipse\persistence\org.eclipse.persistence.asm\2.7.3\org.eclipse.persistence.asm-2.7.3.jar;C:\Users\solos\.m2\repository\org\eclipse\persistence\org.eclipse.persistence.jpa\2.7.3\org.eclipse.persistence.jpa-2.7.3.jar;C:\Users\solos\.m2\repository\org\eclipse\persistence\javax.persistence\2.2.1\javax.persistence-2.2.1.jar;C:\Users\solos\.m2\repository\org\eclipse\persistence\org.eclipse.persistence.antlr\2.7.3\org.eclipse.persistence.antlr-2.7.3.jar;C:\Users\solos\.m2\repository\org\eclipse\persistence\org.eclipse.persistence.jpa.jpql\2.7.3\org.eclipse.persistence.jpa.jpql-2.7.3.jar;C:\Users\solos\.m2\repository\org\eclipse\persistence\org.eclipse.persistence.extension\2.7.3\org.eclipse.persistence.extension-2.7.3.jar;C:\Users\solos\.m2\repository\com\h2database\h2\1.4.197\h2-1.4.197.jar;C:\Users\solos\.m2\repository\junit\junit\4.12\junit-4.12.jar;C:\Users\solos\.m2\repository\org\hamcrest\hamcrest-core\1.3\hamcrest-core-1.3.jar;"/>
    <property name="sun.cpu.endian" value="little"/>
    <property name="user.home" value="C:\Users\solos"/>
    <property name="user.language" value="en"/>
    <property name="java.specification.vendor" value="Oracle Corporation"/>
    <property name="java.home" value="C:\Java\jdk1.8.0_201\jre"/>
    <property name="basedir" value="C:\Users\solos\eclipse-workspace\assignment3-starter"/>
    <property name="file.separator" value="\"/>
    <property name="line.separator" value="&#10;"/>
    <property name="java.vm.specification.vendor" value="Oracle Corporation"/>
    <property name="java.specification.name" value="Java Platform API Specification"/>
    <property name="java.awt.graphicsenv" value="sun.awt.Win32GraphicsEnvironment"/>
    <property name="surefire.real.class.path" value="C:\Users\solos\AppData\Local\Temp\surefire4988758770158277797\surefirebooter415634045167748939.jar"/>
    <property name="sun.boot.class.path" value="C:\Java\jdk1.8.0_201\jre\lib\resources.jar;C:\Java\jdk1.8.0_201\jre\lib\rt.jar;C:\Java\jdk1.8.0_201\jre\lib\sunrsasign.jar;C:\Java\jdk1.8.0_201\jre\lib\jsse.jar;C:\Java\jdk1.8.0_201\jre\lib\jce.jar;C:\Java\jdk1.8.0_201\jre\lib\charsets.jar;C:\Java\jdk1.8.0_201\jre\lib\jfr.jar;C:\Java\jdk1.8.0_201\jre\classes"/>
    <property name="user.script" value=""/>
    <property name="sun.management.compiler" value="HotSpot 64-Bit Tiered Compilers"/>
    <property name="java.runtime.version" value="1.8.0_201-b09"/>
    <property name="user.name" value="zhubo"/>
    <property name="path.separator" value=";"/>
    <property name="os.version" value="10.0"/>
    <property name="java.endorsed.dirs" value="C:\Java\jdk1.8.0_201\jre\lib\endorsed"/>
    <property name="java.runtime.name" value="Java(TM) SE Runtime Environment"/>
    <property name="file.encoding" value="Cp1252"/>
    <property name="java.vm.name" value="Java HotSpot(TM) 64-Bit Server VM"/>
    <property name="localRepository" value="C:\Users\solos\.m2\repository"/>
    <property name="java.vendor.url.bug" value="http://bugreport.sun.com/bugreport/"/>
    <property name="java.io.tmpdir" value="C:\Users\solos\AppData\Local\Temp\"/>
    <property name="java.version" value="1.8.0_201"/>
    <property name="user.dir" value="C:\Users\solos\eclipse-workspace\assignment3-starter"/>
    <property name="os.arch" value="amd64"/>
    <property name="java.vm.specification.name" value="Java Virtual Machine Specification"/>
    <property name="java.awt.printerjob" value="sun.awt.windows.WPrinterJob"/>
    <property name="sun.os.patch.level" value=""/>
    <property name="java.library.path" value="C:\Java\jdk1.8.0_201\jre\bin;C:\WINDOWS\Sun\Java\bin;C:\WINDOWS\system32;C:\WINDOWS;C:\Java\jdk1.8.0_201\bin;C:\Program Files (x86)\Common Files\Oracle\Java\javapath;C:\app\zhu00069new\product\12.1.0\dbhome_1\bin;C:\WINDOWS\system32;C:\WINDOWS;C:\WINDOWS\System32\Wbem;C:\WINDOWS\System32\WindowsPowerShell\v1.0\;C:\Program Files (x86)\Microsoft SQL Server\110\Tools\Binn\;C:\Program Files\Microsoft SQL Server\110\Tools\Binn\;C:\Program Files\Microsoft SQL Server\110\DTS\Binn\;C:\Program Files (x86)\Microsoft SQL Server\110\Tools\Binn\ManagementStudio\;C:\Program Files (x86)\Microsoft Visual Studio 10.0\Common7\IDE\PrivateAssemblies\;C:\Program Files (x86)\Microsoft SQL Server\110\DTS\Binn\;C:\Program Files\MySQL\MySQL Utilities 1.6\;C:\WINDOWS\System32\OpenSSH\;C:\Program Files\nodejs\;C:\Program Files\TortoiseGit\bin;C:\Program Files\Git\cmd;C:\apache-maven-3.5.3-bin\apache-maven-3.5.3\bin;E:\CP-2019W\seleniums\chromedriver_win32;C:\Program Files (x86)\Windows Kits\8.1\Windows Performance Toolkit\;C:\Users\solos\Scripts\;C:\Users\solos\;C:\Users\solos\AppData\Local\Microsoft\WindowsApps;C:\Users\solos\AppData\Roaming\npm;C:\Users\solos\AppData\Local\Programs\Microsoft VS Code\bin;C:\apache-maven-3.5.3-bin\apache-maven-3.5.3\bin;C:\Program Files\JetBrains\PyCharm Community Edition 2018.3.3\bin;;E:\CP-2019W\seleniums\chromedriver_win32;;."/>
    <property name="java.vm.info" value="mixed mode"/>
    <property name="java.vendor" value="Oracle Corporation"/>
    <property name="java.vm.version" value="25.201-b09"/>
    <property name="java.ext.dirs" value="C:\Java\jdk1.8.0_201\jre\lib\ext;C:\WINDOWS\Sun\Java\lib\ext"/>
    <property name="sun.io.unicode.encoding" value="UnicodeLittle"/>
    <property name="java.class.version" value="52.0"/>
  </properties>
  <testcase name="_01_test_phone_not_belong_to_employee_at_start" classname="com.algonquincollege.cst8277.models.EmployeePhonesTestSuite" time="0.008"/>
  <testcase name="_02_test_create_two_phones_belong_to_employee1" classname="com.algonquincollege.cst8277.models.EmployeePhonesTestSuite" time="0.032"/>
  <testcase name="_03_test_read_phones_list_not_null" classname="com.algonquincollege.cst8277.models.EmployeePhonesTestSuite" time="0.01"/>
  <testcase name="_04_test_count_phones" classname="com.algonquincollege.cst8277.models.EmployeePhonesTestSuite" time="0.004"/>
  <testcase name="_05_test_count_phones_has_same_type" classname="com.algonquincollege.cst8277.models.EmployeePhonesTestSuite" time="0.005"/>
  <testcase name="_06_test_update_phone_number_detached" classname="com.algonquincollege.cst8277.models.EmployeePhonesTestSuite" time="0.013"/>
  <testcase name="_07_test_update_phone_with_owner_attached" classname="com.algonquincollege.cst8277.models.EmployeePhonesTestSuite" time="0.024"/>
  <testcase name="_08_test_phones_order_by_type" classname="com.algonquincollege.cst8277.models.EmployeePhonesTestSuite" time="0.014"/>
  <testcase name="_09_test_count_phones_of_owner" classname="com.algonquincollege.cst8277.models.EmployeePhonesTestSuite" time="0.014"/>
  <testcase name="_10_test_remove_phone1_without_owner" classname="com.algonquincollege.cst8277.models.EmployeePhonesTestSuite" time="0.017"/>
  <testcase name="_11_test_delete_phone_from_owner" classname="com.algonquincollege.cst8277.models.EmployeePhonesTestSuite" time="0.006"/>
  <testcase name="_12_test_delete_owner_from_phone" classname="com.algonquincollege.cst8277.models.EmployeePhonesTestSuite" time="0.03"/>
</testsuite>